<?xml version="1.0" encoding="UTF-8"?>
<testsuite xmlns:xsi="http://www.w3.org/2001/XMLSchema-instance" xsi:noNamespaceSchemaLocation="https://maven.apache.org/surefire/maven-surefire-plugin/xsd/surefire-test-report.xsd" name="cp510.assignments.geoshape.GeoLineTest" time="0.081" tests="9" errors="0" skipped="0" failures="0">
  <properties>
[...]
</properties>
  <testcase name="geoLineConstructorWidth" classname="cp510.assignments.geoshape.GeoLineTest" time="0.045"/>
  <testcase name="geoLineDraw" classname="cp510.assignments.geoshape.GeoLineTest" time="0.015"/>
  <testcase name="geoLineLength" classname="cp510.assignments.geoshape.GeoLineTest" time="0"/>
  <testcase name="geoLineSetStartX" classname="cp510.assignments.geoshape.GeoLineTest" time="0"/>
  <testcase name="geoLineSetStartY" classname="cp510.assignments.geoshape.GeoLineTest" time="0.008"/>
  <testcase name="geoLineToString" classname="cp510.assignments.geoshape.GeoLineTest" time="0.002"/>
  <testcase name="geoLineSetEndNull" classname="cp510.assignments.geoshape.GeoLineTest" time="0.002"/>
  <testcase name="geoLineSetEndX" classname="cp510.assignments.geoshape.GeoLineTest" time="0.001"/>
  <testcase name="geoLineSetEndY" classname="cp510.assignments.geoshape.GeoLineTest" time="0"/>
</testsuite>